  ..\gameplay\res\shaders\colored.frag
  ..\gameplay\res\shaders\colored.vert
  ..\gameplay\res\shaders\font.frag
  ..\gameplay\res\shaders\font.vert
  ..\gameplay\res\shaders\lighting.frag
  ..\gameplay\res\shaders\lighting.vert
  ..\gameplay\res\shaders\skinning-none.vert
  ..\gameplay\res\shaders\skinning.vert
  ..\gameplay\res\shaders\sprite.frag
  ..\gameplay\res\shaders\sprite.vert
  ..\gameplay\res\shaders\terrain.frag
  ..\gameplay\res\shaders\terrain.vert
  ..\gameplay\res\shaders\textured.frag
  ..\gameplay\res\shaders\textured.vert
  14 File(s) copied
  ..\gameplay\res\ui\arial.gpb
  ..\gameplay\res\ui\default-theme.png
  ..\gameplay\res\ui\default.theme
  3 File(s) copied
          1 file(s) copied.
C:\Program Files\Microsoft Visual Studio\2022\Community\MSBuild\Microsoft\VC\v170\Microsoft.CppBuild.targets(496,5): warning MSB8004: Output Directory does not end with a trailing slash.  This build instance will add the slash as it is required to allow proper evaluation of the Output Directory.
  Grid.cpp
gameplay-deps.lib(glew.obj) : warning LNK4099: PDB 'GLEW.pdb' was not found with 'gameplay-deps.lib(glew.obj)' or at 'D:\job\game-engine\editor\Debug\GLEW.pdb'; linking object as if no debug info
gameplay-deps.lib(lstate.obj) : warning LNK4099: PDB 'lua.pdb' was not found with 'gameplay-deps.lib(lstate.obj)' or at 'D:\job\game-engine\editor\Debug\lua.pdb'; linking object as if no debug info
gameplay-deps.lib(lapi.obj) : warning LNK4099: PDB 'lua.pdb' was not found with 'gameplay-deps.lib(lapi.obj)' or at 'D:\job\game-engine\editor\Debug\lua.pdb'; linking object as if no debug info
gameplay-deps.lib(linit.obj) : warning LNK4099: PDB 'lua.pdb' was not found with 'gameplay-deps.lib(linit.obj)' or at 'D:\job\game-engine\editor\Debug\lua.pdb'; linking object as if no debug info
gameplay-deps.lib(lauxlib.obj) : warning LNK4099: PDB 'lua.pdb' was not found with 'gameplay-deps.lib(lauxlib.obj)' or at 'D:\job\game-engine\editor\Debug\lua.pdb'; linking object as if no debug info
gameplay-deps.lib(alError.obj) : warning LNK4099: PDB 'OpenAL32.pdb' was not found with 'gameplay-deps.lib(alError.obj)' or at 'D:\job\game-engine\editor\Debug\OpenAL32.pdb'; linking object as if no debug info
gameplay-deps.lib(alListener.obj) : warning LNK4099: PDB 'OpenAL32.pdb' was not found with 'gameplay-deps.lib(alListener.obj)' or at 'D:\job\game-engine\editor\Debug\OpenAL32.pdb'; linking object as if no debug info
gameplay-deps.lib(ALc.obj) : warning LNK4099: PDB 'OpenAL32.pdb' was not found with 'gameplay-deps.lib(ALc.obj)' or at 'D:\job\game-engine\editor\Debug\OpenAL32.pdb'; linking object as if no debug info
gameplay-deps.lib(btAlignedAllocator.obj) : warning LNK4099: PDB 'LinearMath.pdb' was not found with 'gameplay-deps.lib(btAlignedAllocator.obj)' or at 'D:\job\game-engine\editor\Debug\LinearMath.pdb'; linking object as if no debug info
gameplay-deps.lib(btCollisionDispatcher.obj) : warning LNK4099: PDB 'BulletCollision.pdb' was not found with 'gameplay-deps.lib(btCollisionDispatcher.obj)' or at 'D:\job\game-engine\editor\Debug\BulletCollision.pdb'; linking object as if no debug info
gameplay-deps.lib(btCollisionWorld.obj) : warning LNK4099: PDB 'BulletCollision.pdb' was not found with 'gameplay-deps.lib(btCollisionWorld.obj)' or at 'D:\job\game-engine\editor\Debug\BulletCollision.pdb'; linking object as if no debug info
gameplay-deps.lib(btCollisionShape.obj) : warning LNK4099: PDB 'BulletCollision.pdb' was not found with 'gameplay-deps.lib(btCollisionShape.obj)' or at 'D:\job\game-engine\editor\Debug\BulletCollision.pdb'; linking object as if no debug info
gameplay-deps.lib(btConvexShape.obj) : warning LNK4099: PDB 'BulletCollision.pdb' was not found with 'gameplay-deps.lib(btConvexShape.obj)' or at 'D:\job\game-engine\editor\Debug\BulletCollision.pdb'; linking object as if no debug info
gameplay-deps.lib(btConvexInternalShape.obj) : warning LNK4099: PDB 'BulletCollision.pdb' was not found with 'gameplay-deps.lib(btConvexInternalShape.obj)' or at 'D:\job\game-engine\editor\Debug\BulletCollision.pdb'; linking object as if no debug info
gameplay-deps.lib(btBoxShape.obj) : warning LNK4099: PDB 'BulletCollision.pdb' was not found with 'gameplay-deps.lib(btBoxShape.obj)' or at 'D:\job\game-engine\editor\Debug\BulletCollision.pdb'; linking object as if no debug info
gameplay-deps.lib(btSphereShape.obj) : warning LNK4099: PDB 'BulletCollision.pdb' was not found with 'gameplay-deps.lib(btSphereShape.obj)' or at 'D:\job\game-engine\editor\Debug\BulletCollision.pdb'; linking object as if no debug info
gameplay-deps.lib(btCapsuleShape.obj) : warning LNK4099: PDB 'BulletCollision.pdb' was not found with 'gameplay-deps.lib(btCapsuleShape.obj)' or at 'D:\job\game-engine\editor\Debug\BulletCollision.pdb'; linking object as if no debug info
gameplay-deps.lib(btConvexHullShape.obj) : warning LNK4099: PDB 'BulletCollision.pdb' was not found with 'gameplay-deps.lib(btConvexHullShape.obj)' or at 'D:\job\game-engine\editor\Debug\BulletCollision.pdb'; linking object as if no debug info
gameplay-deps.lib(btStridingMeshInterface.obj) : warning LNK4099: PDB 'BulletCollision.pdb' was not found with 'gameplay-deps.lib(btStridingMeshInterface.obj)' or at 'D:\job\game-engine\editor\Debug\BulletCollision.pdb'; linking object as if no debug info
gameplay-deps.lib(btTriangleIndexVertexArray.obj) : warning LNK4099: PDB 'BulletCollision.pdb' was not found with 'gameplay-deps.lib(btTriangleIndexVertexArray.obj)' or at 'D:\job\game-engine\editor\Debug\BulletCollision.pdb'; linking object as if no debug info
gameplay-deps.lib(btBvhTriangleMeshShape.obj) : warning LNK4099: PDB 'BulletCollision.pdb' was not found with 'gameplay-deps.lib(btBvhTriangleMeshShape.obj)' or at 'D:\job\game-engine\editor\Debug\BulletCollision.pdb'; linking object as if no debug info
gameplay-deps.lib(btDefaultCollisionConfiguration.obj) : warning LNK4099: PDB 'BulletCollision.pdb' was not found with 'gameplay-deps.lib(btDefaultCollisionConfiguration.obj)' or at 'D:\job\game-engine\editor\Debug\BulletCollision.pdb'; linking object as if no debug info
gameplay-deps.lib(btDbvtBroadphase.obj) : warning LNK4099: PDB 'BulletCollision.pdb' was not found with 'gameplay-deps.lib(btDbvtBroadphase.obj)' or at 'D:\job\game-engine\editor\Debug\BulletCollision.pdb'; linking object as if no debug info
gameplay-deps.lib(btDiscreteDynamicsWorld.obj) : warning LNK4099: PDB 'BulletDynamics.pdb' was not found with 'gameplay-deps.lib(btDiscreteDynamicsWorld.obj)' or at 'D:\job\game-engine\editor\Debug\BulletDynamics.pdb'; linking object as if no debug info
gameplay-deps.lib(btSequentialImpulseConstraintSolver.obj) : warning LNK4099: PDB 'BulletDynamics.pdb' was not found with 'gameplay-deps.lib(btSequentialImpulseConstraintSolver.obj)' or at 'D:\job\game-engine\editor\Debug\BulletDynamics.pdb'; linking object as if no debug info
gameplay-deps.lib(btHeightfieldTerrainShape.obj) : warning LNK4099: PDB 'BulletCollision.pdb' was not found with 'gameplay-deps.lib(btHeightfieldTerrainShape.obj)' or at 'D:\job\game-engine\editor\Debug\BulletCollision.pdb'; linking object as if no debug info
gameplay-deps.lib(btShapeHull.obj) : warning LNK4099: PDB 'BulletCollision.pdb' was not found with 'gameplay-deps.lib(btShapeHull.obj)' or at 'D:\job\game-engine\editor\Debug\BulletCollision.pdb'; linking object as if no debug info
gameplay-deps.lib(alSource.obj) : warning LNK4099: PDB 'OpenAL32.pdb' was not found with 'gameplay-deps.lib(alSource.obj)' or at 'D:\job\game-engine\editor\Debug\OpenAL32.pdb'; linking object as if no debug info
gameplay-deps.lib(btGeneric6DofConstraint.obj) : warning LNK4099: PDB 'BulletDynamics.pdb' was not found with 'gameplay-deps.lib(btGeneric6DofConstraint.obj)' or at 'D:\job\game-engine\editor\Debug\BulletDynamics.pdb'; linking object as if no debug info
gameplay-deps.lib(btCollisionObject.obj) : warning LNK4099: PDB 'BulletCollision.pdb' was not found with 'gameplay-deps.lib(btCollisionObject.obj)' or at 'D:\job\game-engine\editor\Debug\BulletCollision.pdb'; linking object as if no debug info
gameplay-deps.lib(btRigidBody.obj) : warning LNK4099: PDB 'BulletDynamics.pdb' was not found with 'gameplay-deps.lib(btRigidBody.obj)' or at 'D:\job\game-engine\editor\Debug\BulletDynamics.pdb'; linking object as if no debug info
gameplay-deps.lib(btTypedConstraint.obj) : warning LNK4099: PDB 'BulletDynamics.pdb' was not found with 'gameplay-deps.lib(btTypedConstraint.obj)' or at 'D:\job\game-engine\editor\Debug\BulletDynamics.pdb'; linking object as if no debug info
gameplay-deps.lib(btHingeConstraint.obj) : warning LNK4099: PDB 'BulletDynamics.pdb' was not found with 'gameplay-deps.lib(btHingeConstraint.obj)' or at 'D:\job\game-engine\editor\Debug\BulletDynamics.pdb'; linking object as if no debug info
gameplay-deps.lib(btPoint2PointConstraint.obj) : warning LNK4099: PDB 'BulletDynamics.pdb' was not found with 'gameplay-deps.lib(btPoint2PointConstraint.obj)' or at 'D:\job\game-engine\editor\Debug\BulletDynamics.pdb'; linking object as if no debug info
gameplay-deps.lib(btGeneric6DofSpringConstraint.obj) : warning LNK4099: PDB 'BulletDynamics.pdb' was not found with 'gameplay-deps.lib(btGeneric6DofSpringConstraint.obj)' or at 'D:\job\game-engine\editor\Debug\BulletDynamics.pdb'; linking object as if no debug info
gameplay-deps.lib(png.obj) : warning LNK4099: PDB 'png_static.pdb' was not found with 'gameplay-deps.lib(png.obj)' or at 'D:\job\game-engine\editor\Debug\png_static.pdb'; linking object as if no debug info
gameplay-deps.lib(pngread.obj) : warning LNK4099: PDB 'png_static.pdb' was not found with 'gameplay-deps.lib(pngread.obj)' or at 'D:\job\game-engine\editor\Debug\png_static.pdb'; linking object as if no debug info
gameplay-deps.lib(pngerror.obj) : warning LNK4099: PDB 'png_static.pdb' was not found with 'gameplay-deps.lib(pngerror.obj)' or at 'D:\job\game-engine\editor\Debug\png_static.pdb'; linking object as if no debug info
gameplay-deps.lib(pngrio.obj) : warning LNK4099: PDB 'png_static.pdb' was not found with 'gameplay-deps.lib(pngrio.obj)' or at 'D:\job\game-engine\editor\Debug\png_static.pdb'; linking object as if no debug info
gameplay-deps.lib(pngget.obj) : warning LNK4099: PDB 'png_static.pdb' was not found with 'gameplay-deps.lib(pngget.obj)' or at 'D:\job\game-engine\editor\Debug\png_static.pdb'; linking object as if no debug info
gameplay-deps.lib(btRaycastVehicle.obj) : warning LNK4099: PDB 'BulletDynamics.pdb' was not found with 'gameplay-deps.lib(btRaycastVehicle.obj)' or at 'D:\job\game-engine\editor\Debug\BulletDynamics.pdb'; linking object as if no debug info
gameplay-deps.lib(btGhostObject.obj) : warning LNK4099: PDB 'BulletCollision.pdb' was not found with 'gameplay-deps.lib(btGhostObject.obj)' or at 'D:\job\game-engine\editor\Debug\BulletCollision.pdb'; linking object as if no debug info
gameplay-deps.lib(alBuffer.obj) : warning LNK4099: PDB 'OpenAL32.pdb' was not found with 'gameplay-deps.lib(alBuffer.obj)' or at 'D:\job\game-engine\editor\Debug\OpenAL32.pdb'; linking object as if no debug info
gameplay-deps.lib(vorbisfile.obj) : warning LNK4099: PDB 'vorbisfile.pdb' was not found with 'gameplay-deps.lib(vorbisfile.obj)' or at 'D:\job\game-engine\editor\Debug\vorbisfile.pdb'; linking object as if no debug info
gameplay-deps.lib(ltm.obj) : warning LNK4099: PDB 'lua.pdb' was not found with 'gameplay-deps.lib(ltm.obj)' or at 'D:\job\game-engine\editor\Debug\lua.pdb'; linking object as if no debug info
gameplay-deps.lib(lmem.obj) : warning LNK4099: PDB 'lua.pdb' was not found with 'gameplay-deps.lib(lmem.obj)' or at 'D:\job\game-engine\editor\Debug\lua.pdb'; linking object as if no debug info
gameplay-deps.lib(ldo.obj) : warning LNK4099: PDB 'lua.pdb' was not found with 'gameplay-deps.lib(ldo.obj)' or at 'D:\job\game-engine\editor\Debug\lua.pdb'; linking object as if no debug info
gameplay-deps.lib(lfunc.obj) : warning LNK4099: PDB 'lua.pdb' was not found with 'gameplay-deps.lib(lfunc.obj)' or at 'D:\job\game-engine\editor\Debug\lua.pdb'; linking object as if no debug info
gameplay-deps.lib(lgc.obj) : warning LNK4099: PDB 'lua.pdb' was not found with 'gameplay-deps.lib(lgc.obj)' or at 'D:\job\game-engine\editor\Debug\lua.pdb'; linking object as if no debug info
gameplay-deps.lib(llex.obj) : warning LNK4099: PDB 'lua.pdb' was not found with 'gameplay-deps.lib(llex.obj)' or at 'D:\job\game-engine\editor\Debug\lua.pdb'; linking object as if no debug info
gameplay-deps.lib(lstring.obj) : warning LNK4099: PDB 'lua.pdb' was not found with 'gameplay-deps.lib(lstring.obj)' or at 'D:\job\game-engine\editor\Debug\lua.pdb'; linking object as if no debug info
gameplay-deps.lib(ltable.obj) : warning LNK4099: PDB 'lua.pdb' was not found with 'gameplay-deps.lib(ltable.obj)' or at 'D:\job\game-engine\editor\Debug\lua.pdb'; linking object as if no debug info
gameplay-deps.lib(lobject.obj) : warning LNK4099: PDB 'lua.pdb' was not found with 'gameplay-deps.lib(lobject.obj)' or at 'D:\job\game-engine\editor\Debug\lua.pdb'; linking object as if no debug info
gameplay-deps.lib(lzio.obj) : warning LNK4099: PDB 'lua.pdb' was not found with 'gameplay-deps.lib(lzio.obj)' or at 'D:\job\game-engine\editor\Debug\lua.pdb'; linking object as if no debug info
gameplay-deps.lib(ldebug.obj) : warning LNK4099: PDB 'lua.pdb' was not found with 'gameplay-deps.lib(ldebug.obj)' or at 'D:\job\game-engine\editor\Debug\lua.pdb'; linking object as if no debug info
gameplay-deps.lib(ldump.obj) : warning LNK4099: PDB 'lua.pdb' was not found with 'gameplay-deps.lib(ldump.obj)' or at 'D:\job\game-engine\editor\Debug\lua.pdb'; linking object as if no debug info
gameplay-deps.lib(lvm.obj) : warning LNK4099: PDB 'lua.pdb' was not found with 'gameplay-deps.lib(lvm.obj)' or at 'D:\job\game-engine\editor\Debug\lua.pdb'; linking object as if no debug info
gameplay-deps.lib(lbaselib.obj) : warning LNK4099: PDB 'lua.pdb' was not found with 'gameplay-deps.lib(lbaselib.obj)' or at 'D:\job\game-engine\editor\Debug\lua.pdb'; linking object as if no debug info
gameplay-deps.lib(lcorolib.obj) : warning LNK4099: PDB 'lua.pdb' was not found with 'gameplay-deps.lib(lcorolib.obj)' or at 'D:\job\game-engine\editor\Debug\lua.pdb'; linking object as if no debug info
gameplay-deps.lib(ltablib.obj) : warning LNK4099: PDB 'lua.pdb' was not found with 'gameplay-deps.lib(ltablib.obj)' or at 'D:\job\game-engine\editor\Debug\lua.pdb'; linking object as if no debug info
gameplay-deps.lib(liolib.obj) : warning LNK4099: PDB 'lua.pdb' was not found with 'gameplay-deps.lib(liolib.obj)' or at 'D:\job\game-engine\editor\Debug\lua.pdb'; linking object as if no debug info
gameplay-deps.lib(loslib.obj) : warning LNK4099: PDB 'lua.pdb' was not found with 'gameplay-deps.lib(loslib.obj)' or at 'D:\job\game-engine\editor\Debug\lua.pdb'; linking object as if no debug info
gameplay-deps.lib(lstrlib.obj) : warning LNK4099: PDB 'lua.pdb' was not found with 'gameplay-deps.lib(lstrlib.obj)' or at 'D:\job\game-engine\editor\Debug\lua.pdb'; linking object as if no debug info
gameplay-deps.lib(lbitlib.obj) : warning LNK4099: PDB 'lua.pdb' was not found with 'gameplay-deps.lib(lbitlib.obj)' or at 'D:\job\game-engine\editor\Debug\lua.pdb'; linking object as if no debug info
gameplay-deps.lib(lmathlib.obj) : warning LNK4099: PDB 'lua.pdb' was not found with 'gameplay-deps.lib(lmathlib.obj)' or at 'D:\job\game-engine\editor\Debug\lua.pdb'; linking object as if no debug info
gameplay-deps.lib(ldblib.obj) : warning LNK4099: PDB 'lua.pdb' was not found with 'gameplay-deps.lib(ldblib.obj)' or at 'D:\job\game-engine\editor\Debug\lua.pdb'; linking object as if no debug info
gameplay-deps.lib(loadlib.obj) : warning LNK4099: PDB 'lua.pdb' was not found with 'gameplay-deps.lib(loadlib.obj)' or at 'D:\job\game-engine\editor\Debug\lua.pdb'; linking object as if no debug info
gameplay-deps.lib(alMidi.obj) : warning LNK4099: PDB 'OpenAL32.pdb' was not found with 'gameplay-deps.lib(alMidi.obj)' or at 'D:\job\game-engine\editor\Debug\OpenAL32.pdb'; linking object as if no debug info
gameplay-deps.lib(alState.obj) : warning LNK4099: PDB 'OpenAL32.pdb' was not found with 'gameplay-deps.lib(alState.obj)' or at 'D:\job\game-engine\editor\Debug\OpenAL32.pdb'; linking object as if no debug info
gameplay-deps.lib(alSoundfont.obj) : warning LNK4099: PDB 'OpenAL32.pdb' was not found with 'gameplay-deps.lib(alSoundfont.obj)' or at 'D:\job\game-engine\editor\Debug\OpenAL32.pdb'; linking object as if no debug info
gameplay-deps.lib(alExtension.obj) : warning LNK4099: PDB 'OpenAL32.pdb' was not found with 'gameplay-deps.lib(alExtension.obj)' or at 'D:\job\game-engine\editor\Debug\OpenAL32.pdb'; linking object as if no debug info
gameplay-deps.lib(wave.obj) : warning LNK4099: PDB 'OpenAL32.pdb' was not found with 'gameplay-deps.lib(wave.obj)' or at 'D:\job\game-engine\editor\Debug\OpenAL32.pdb'; linking object as if no debug info
gameplay-deps.lib(alEffect.obj) : warning LNK4099: PDB 'OpenAL32.pdb' was not found with 'gameplay-deps.lib(alEffect.obj)' or at 'D:\job\game-engine\editor\Debug\OpenAL32.pdb'; linking object as if no debug info
gameplay-deps.lib(alFilter.obj) : warning LNK4099: PDB 'OpenAL32.pdb' was not found with 'gameplay-deps.lib(alFilter.obj)' or at 'D:\job\game-engine\editor\Debug\OpenAL32.pdb'; linking object as if no debug info
gameplay-deps.lib(dsound.obj) : warning LNK4099: PDB 'OpenAL32.pdb' was not found with 'gameplay-deps.lib(dsound.obj)' or at 'D:\job\game-engine\editor\Debug\OpenAL32.pdb'; linking object as if no debug info
gameplay-deps.lib(null.c.obj) : warning LNK4099: PDB 'OpenAL32.pdb' was not found with 'gameplay-deps.lib(null.c.obj)' or at 'D:\job\game-engine\editor\Debug\OpenAL32.pdb'; linking object as if no debug info
gameplay-deps.lib(alAuxEffectSlot.obj) : warning LNK4099: PDB 'OpenAL32.pdb' was not found with 'gameplay-deps.lib(alAuxEffectSlot.obj)' or at 'D:\job\game-engine\editor\Debug\OpenAL32.pdb'; linking object as if no debug info
gameplay-deps.lib(alPreset.obj) : warning LNK4099: PDB 'OpenAL32.pdb' was not found with 'gameplay-deps.lib(alPreset.obj)' or at 'D:\job\game-engine\editor\Debug\OpenAL32.pdb'; linking object as if no debug info
gameplay-deps.lib(alFontsound.obj) : warning LNK4099: PDB 'OpenAL32.pdb' was not found with 'gameplay-deps.lib(alFontsound.obj)' or at 'D:\job\game-engine\editor\Debug\OpenAL32.pdb'; linking object as if no debug info
gameplay-deps.lib(rwlock.obj) : warning LNK4099: PDB 'OpenAL32.pdb' was not found with 'gameplay-deps.lib(rwlock.obj)' or at 'D:\job\game-engine\editor\Debug\OpenAL32.pdb'; linking object as if no debug info
gameplay-deps.lib(uintmap.obj) : warning LNK4099: PDB 'OpenAL32.pdb' was not found with 'gameplay-deps.lib(uintmap.obj)' or at 'D:\job\game-engine\editor\Debug\OpenAL32.pdb'; linking object as if no debug info
gameplay-deps.lib(helpers.obj) : warning LNK4099: PDB 'OpenAL32.pdb' was not found with 'gameplay-deps.lib(helpers.obj)' or at 'D:\job\game-engine\editor\Debug\OpenAL32.pdb'; linking object as if no debug info
gameplay-deps.lib(alcConfig.obj) : warning LNK4099: PDB 'OpenAL32.pdb' was not found with 'gameplay-deps.lib(alcConfig.obj)' or at 'D:\job\game-engine\editor\Debug\OpenAL32.pdb'; linking object as if no debug info
gameplay-deps.lib(hrtf.obj) : warning LNK4099: PDB 'OpenAL32.pdb' was not found with 'gameplay-deps.lib(hrtf.obj)' or at 'D:\job\game-engine\editor\Debug\OpenAL32.pdb'; linking object as if no debug info
gameplay-deps.lib(panning.obj) : warning LNK4099: PDB 'OpenAL32.pdb' was not found with 'gameplay-deps.lib(panning.obj)' or at 'D:\job\game-engine\editor\Debug\OpenAL32.pdb'; linking object as if no debug info
gameplay-deps.lib(ALu.obj) : warning LNK4099: PDB 'OpenAL32.pdb' was not found with 'gameplay-deps.lib(ALu.obj)' or at 'D:\job\game-engine\editor\Debug\OpenAL32.pdb'; linking object as if no debug info
gameplay-deps.lib(alThunk.obj) : warning LNK4099: PDB 'OpenAL32.pdb' was not found with 'gameplay-deps.lib(alThunk.obj)' or at 'D:\job\game-engine\editor\Debug\OpenAL32.pdb'; linking object as if no debug info
gameplay-deps.lib(bs2b.obj) : warning LNK4099: PDB 'OpenAL32.pdb' was not found with 'gameplay-deps.lib(bs2b.obj)' or at 'D:\job\game-engine\editor\Debug\OpenAL32.pdb'; linking object as if no debug info
gameplay-deps.lib(threads.obj) : warning LNK4099: PDB 'OpenAL32.pdb' was not found with 'gameplay-deps.lib(threads.obj)' or at 'D:\job\game-engine\editor\Debug\OpenAL32.pdb'; linking object as if no debug info
gameplay-deps.lib(loopback.obj) : warning LNK4099: PDB 'OpenAL32.pdb' was not found with 'gameplay-deps.lib(loopback.obj)' or at 'D:\job\game-engine\editor\Debug\OpenAL32.pdb'; linking object as if no debug info
gameplay-deps.lib(base.c.obj) : warning LNK4099: PDB 'OpenAL32.pdb' was not found with 'gameplay-deps.lib(base.c.obj)' or at 'D:\job\game-engine\editor\Debug\OpenAL32.pdb'; linking object as if no debug info
gameplay-deps.lib(reverb.obj) : warning LNK4099: PDB 'OpenAL32.pdb' was not found with 'gameplay-deps.lib(reverb.obj)' or at 'D:\job\game-engine\editor\Debug\OpenAL32.pdb'; linking object as if no debug info
gameplay-deps.lib(btDispatcher.obj) : warning LNK4099: PDB 'BulletCollision.pdb' was not found with 'gameplay-deps.lib(btDispatcher.obj)' or at 'D:\job\game-engine\editor\Debug\BulletCollision.pdb'; linking object as if no debug info
gameplay-deps.lib(btPersistentManifold.obj) : warning LNK4099: PDB 'BulletCollision.pdb' was not found with 'gameplay-deps.lib(btPersistentManifold.obj)' or at 'D:\job\game-engine\editor\Debug\BulletCollision.pdb'; linking object as if no debug info
gameplay-deps.lib(btManifoldResult.obj) : warning LNK4099: PDB 'BulletCollision.pdb' was not found with 'gameplay-deps.lib(btManifoldResult.obj)' or at 'D:\job\game-engine\editor\Debug\BulletCollision.pdb'; linking object as if no debug info
gameplay-deps.lib(btGjkEpaPenetrationDepthSolver.obj) : warning LNK4099: PDB 'BulletCollision.pdb' was not found with 'gameplay-deps.lib(btGjkEpaPenetrationDepthSolver.obj)' or at 'D:\job\game-engine\editor\Debug\BulletCollision.pdb'; linking object as if no debug info
gameplay-deps.lib(btTriangleCallback.obj) : warning LNK4099: PDB 'BulletCollision.pdb' was not found with 'gameplay-deps.lib(btTriangleCallback.obj)' or at 'D:\job\game-engine\editor\Debug\BulletCollision.pdb'; linking object as if no debug info
gameplay-deps.lib(btRaycastCallback.obj) : warning LNK4099: PDB 'BulletCollision.pdb' was not found with 'gameplay-deps.lib(btRaycastCallback.obj)' or at 'D:\job\game-engine\editor\Debug\BulletCollision.pdb'; linking object as if no debug info
gameplay-deps.lib(btConvexCast.obj) : warning LNK4099: PDB 'BulletCollision.pdb' was not found with 'gameplay-deps.lib(btConvexCast.obj)' or at 'D:\job\game-engine\editor\Debug\BulletCollision.pdb'; linking object as if no debug info
gameplay-deps.lib(btSubSimplexConvexCast.obj) : warning LNK4099: PDB 'BulletCollision.pdb' was not found with 'gameplay-deps.lib(btSubSimplexConvexCast.obj)' or at 'D:\job\game-engine\editor\Debug\BulletCollision.pdb'; linking object as if no debug info
gameplay-deps.lib(btGjkConvexCast.obj) : warning LNK4099: PDB 'BulletCollision.pdb' was not found with 'gameplay-deps.lib(btGjkConvexCast.obj)' or at 'D:\job\game-engine\editor\Debug\BulletCollision.pdb'; linking object as if no debug info
gameplay-deps.lib(btContinuousConvexCollision.obj) : warning LNK4099: PDB 'BulletCollision.pdb' was not found with 'gameplay-deps.lib(btContinuousConvexCollision.obj)' or at 'D:\job\game-engine\editor\Debug\BulletCollision.pdb'; linking object as if no debug info
gameplay-deps.lib(btQuickprof.obj) : warning LNK4099: PDB 'LinearMath.pdb' was not found with 'gameplay-deps.lib(btQuickprof.obj)' or at 'D:\job\game-engine\editor\Debug\LinearMath.pdb'; linking object as if no debug info
gameplay-deps.lib(btVector3.obj) : warning LNK4099: PDB 'LinearMath.pdb' was not found with 'gameplay-deps.lib(btVector3.obj)' or at 'D:\job\game-engine\editor\Debug\LinearMath.pdb'; linking object as if no debug info
gameplay-deps.lib(btPolyhedralConvexShape.obj) : warning LNK4099: PDB 'BulletCollision.pdb' was not found with 'gameplay-deps.lib(btPolyhedralConvexShape.obj)' or at 'D:\job\game-engine\editor\Debug\BulletCollision.pdb'; linking object as if no debug info
gameplay-deps.lib(btTriangleMeshShape.obj) : warning LNK4099: PDB 'BulletCollision.pdb' was not found with 'gameplay-deps.lib(btTriangleMeshShape.obj)' or at 'D:\job\game-engine\editor\Debug\BulletCollision.pdb'; linking object as if no debug info
gameplay-deps.lib(btQuantizedBvh.obj) : warning LNK4099: PDB 'BulletCollision.pdb' was not found with 'gameplay-deps.lib(btQuantizedBvh.obj)' or at 'D:\job\game-engine\editor\Debug\BulletCollision.pdb'; linking object as if no debug info
gameplay-deps.lib(btOptimizedBvh.obj) : warning LNK4099: PDB 'BulletCollision.pdb' was not found with 'gameplay-deps.lib(btOptimizedBvh.obj)' or at 'D:\job\game-engine\editor\Debug\BulletCollision.pdb'; linking object as if no debug info
gameplay-deps.lib(btConvexConvexAlgorithm.obj) : warning LNK4099: PDB 'BulletCollision.pdb' was not found with 'gameplay-deps.lib(btConvexConvexAlgorithm.obj)' or at 'D:\job\game-engine\editor\Debug\BulletCollision.pdb'; linking object as if no debug info
gameplay-deps.lib(btEmptyCollisionAlgorithm.obj) : warning LNK4099: PDB 'BulletCollision.pdb' was not found with 'gameplay-deps.lib(btEmptyCollisionAlgorithm.obj)' or at 'D:\job\game-engine\editor\Debug\BulletCollision.pdb'; linking object as if no debug info
gameplay-deps.lib(btConvexConcaveCollisionAlgorithm.obj) : warning LNK4099: PDB 'BulletCollision.pdb' was not found with 'gameplay-deps.lib(btConvexConcaveCollisionAlgorithm.obj)' or at 'D:\job\game-engine\editor\Debug\BulletCollision.pdb'; linking object as if no debug info
gameplay-deps.lib(btCompoundCollisionAlgorithm.obj) : warning LNK4099: PDB 'BulletCollision.pdb' was not found with 'gameplay-deps.lib(btCompoundCollisionAlgorithm.obj)' or at 'D:\job\game-engine\editor\Debug\BulletCollision.pdb'; linking object as if no debug info
gameplay-deps.lib(btCompoundCompoundCollisionAlgorithm.obj) : warning LNK4099: PDB 'BulletCollision.pdb' was not found with 'gameplay-deps.lib(btCompoundCompoundCollisionAlgorithm.obj)' or at 'D:\job\game-engine\editor\Debug\BulletCollision.pdb'; linking object as if no debug info
gameplay-deps.lib(btConvexPlaneCollisionAlgorithm.obj) : warning LNK4099: PDB 'BulletCollision.pdb' was not found with 'gameplay-deps.lib(btConvexPlaneCollisionAlgorithm.obj)' or at 'D:\job\game-engine\editor\Debug\BulletCollision.pdb'; linking object as if no debug info
gameplay-deps.lib(btBoxBoxCollisionAlgorithm.obj) : warning LNK4099: PDB 'BulletCollision.pdb' was not found with 'gameplay-deps.lib(btBoxBoxCollisionAlgorithm.obj)' or at 'D:\job\game-engine\editor\Debug\BulletCollision.pdb'; linking object as if no debug info
gameplay-deps.lib(btSphereSphereCollisionAlgorithm.obj) : warning LNK4099: PDB 'BulletCollision.pdb' was not found with 'gameplay-deps.lib(btSphereSphereCollisionAlgorithm.obj)' or at 'D:\job\game-engine\editor\Debug\BulletCollision.pdb'; linking object as if no debug info
gameplay-deps.lib(btSphereTriangleCollisionAlgorithm.obj) : warning LNK4099: PDB 'BulletCollision.pdb' was not found with 'gameplay-deps.lib(btSphereTriangleCollisionAlgorithm.obj)' or at 'D:\job\game-engine\editor\Debug\BulletCollision.pdb'; linking object as if no debug info
gameplay-deps.lib(btMinkowskiPenetrationDepthSolver.obj) : warning LNK4099: PDB 'BulletCollision.pdb' was not found with 'gameplay-deps.lib(btMinkowskiPenetrationDepthSolver.obj)' or at 'D:\job\game-engine\editor\Debug\BulletCollision.pdb'; linking object as if no debug info
gameplay-deps.lib(btDbvt.obj) : warning LNK4099: PDB 'BulletCollision.pdb' was not found with 'gameplay-deps.lib(btDbvt.obj)' or at 'D:\job\game-engine\editor\Debug\BulletCollision.pdb'; linking object as if no debug info
gameplay-deps.lib(btOverlappingPairCache.obj) : warning LNK4099: PDB 'BulletCollision.pdb' was not found with 'gameplay-deps.lib(btOverlappingPairCache.obj)' or at 'D:\job\game-engine\editor\Debug\BulletCollision.pdb'; linking object as if no debug info
gameplay-deps.lib(btSimulationIslandManager.obj) : warning LNK4099: PDB 'BulletCollision.pdb' was not found with 'gameplay-deps.lib(btSimulationIslandManager.obj)' or at 'D:\job\game-engine\editor\Debug\BulletCollision.pdb'; linking object as if no debug info
gameplay-deps.lib(btConeTwistConstraint.obj) : warning LNK4099: PDB 'BulletDynamics.pdb' was not found with 'gameplay-deps.lib(btConeTwistConstraint.obj)' or at 'D:\job\game-engine\editor\Debug\BulletDynamics.pdb'; linking object as if no debug info
gameplay-deps.lib(btConcaveShape.obj) : warning LNK4099: PDB 'BulletCollision.pdb' was not found with 'gameplay-deps.lib(btConcaveShape.obj)' or at 'D:\job\game-engine\editor\Debug\BulletCollision.pdb'; linking object as if no debug info
gameplay-deps.lib(btConvexHull.obj) : warning LNK4099: PDB 'LinearMath.pdb' was not found with 'gameplay-deps.lib(btConvexHull.obj)' or at 'D:\job\game-engine\editor\Debug\LinearMath.pdb'; linking object as if no debug info
gameplay-deps.lib(pngwrite.obj) : warning LNK4099: PDB 'png_static.pdb' was not found with 'gameplay-deps.lib(pngwrite.obj)' or at 'D:\job\game-engine\editor\Debug\png_static.pdb'; linking object as if no debug info
gameplay-deps.lib(pngmem.obj) : warning LNK4099: PDB 'png_static.pdb' was not found with 'gameplay-deps.lib(pngmem.obj)' or at 'D:\job\game-engine\editor\Debug\png_static.pdb'; linking object as if no debug info
gameplay-deps.lib(inflate.obj) : warning LNK4099: PDB 'zlibstatic.pdb' was not found with 'gameplay-deps.lib(inflate.obj)' or at 'D:\job\game-engine\editor\Debug\zlibstatic.pdb'; linking object as if no debug info
gameplay-deps.lib(adler32.obj) : warning LNK4099: PDB 'zlibstatic.pdb' was not found with 'gameplay-deps.lib(adler32.obj)' or at 'D:\job\game-engine\editor\Debug\zlibstatic.pdb'; linking object as if no debug info
gameplay-deps.lib(crc32.obj) : warning LNK4099: PDB 'zlibstatic.pdb' was not found with 'gameplay-deps.lib(crc32.obj)' or at 'D:\job\game-engine\editor\Debug\zlibstatic.pdb'; linking object as if no debug info
gameplay-deps.lib(pngrtran.obj) : warning LNK4099: PDB 'png_static.pdb' was not found with 'gameplay-deps.lib(pngrtran.obj)' or at 'D:\job\game-engine\editor\Debug\png_static.pdb'; linking object as if no debug info
gameplay-deps.lib(pngtrans.obj) : warning LNK4099: PDB 'png_static.pdb' was not found with 'gameplay-deps.lib(pngtrans.obj)' or at 'D:\job\game-engine\editor\Debug\png_static.pdb'; linking object as if no debug info
gameplay-deps.lib(pngset.obj) : warning LNK4099: PDB 'png_static.pdb' was not found with 'gameplay-deps.lib(pngset.obj)' or at 'D:\job\game-engine\editor\Debug\png_static.pdb'; linking object as if no debug info
gameplay-deps.lib(pngrutil.obj) : warning LNK4099: PDB 'png_static.pdb' was not found with 'gameplay-deps.lib(pngrutil.obj)' or at 'D:\job\game-engine\editor\Debug\png_static.pdb'; linking object as if no debug info
gameplay-deps.lib(btWheelInfo.obj) : warning LNK4099: PDB 'BulletDynamics.pdb' was not found with 'gameplay-deps.lib(btWheelInfo.obj)' or at 'D:\job\game-engine\editor\Debug\BulletDynamics.pdb'; linking object as if no debug info
gameplay-deps.lib(btContactConstraint.obj) : warning LNK4099: PDB 'BulletDynamics.pdb' was not found with 'gameplay-deps.lib(btContactConstraint.obj)' or at 'D:\job\game-engine\editor\Debug\BulletDynamics.pdb'; linking object as if no debug info
gameplay-deps.lib(sample_cvt.obj) : warning LNK4099: PDB 'OpenAL32.pdb' was not found with 'gameplay-deps.lib(sample_cvt.obj)' or at 'D:\job\game-engine\editor\Debug\OpenAL32.pdb'; linking object as if no debug info
gameplay-deps.lib(framing.obj) : warning LNK4099: PDB 'ogg.pdb' was not found with 'gameplay-deps.lib(framing.obj)' or at 'D:\job\game-engine\editor\Debug\ogg.pdb'; linking object as if no debug info
gameplay-deps.lib(info.obj) : warning LNK4099: PDB 'vorbis.pdb' was not found with 'gameplay-deps.lib(info.obj)' or at 'D:\job\game-engine\editor\Debug\vorbis.pdb'; linking object as if no debug info
gameplay-deps.lib(block.obj) : warning LNK4099: PDB 'vorbis.pdb' was not found with 'gameplay-deps.lib(block.obj)' or at 'D:\job\game-engine\editor\Debug\vorbis.pdb'; linking object as if no debug info
gameplay-deps.lib(synthesis.obj) : warning LNK4099: PDB 'vorbis.pdb' was not found with 'gameplay-deps.lib(synthesis.obj)' or at 'D:\job\game-engine\editor\Debug\vorbis.pdb'; linking object as if no debug info
gameplay-deps.lib(lparser.obj) : warning LNK4099: PDB 'lua.pdb' was not found with 'gameplay-deps.lib(lparser.obj)' or at 'D:\job\game-engine\editor\Debug\lua.pdb'; linking object as if no debug info
gameplay-deps.lib(lundump.obj) : warning LNK4099: PDB 'lua.pdb' was not found with 'gameplay-deps.lib(lundump.obj)' or at 'D:\job\game-engine\editor\Debug\lua.pdb'; linking object as if no debug info
gameplay-deps.lib(lctype.obj) : warning LNK4099: PDB 'lua.pdb' was not found with 'gameplay-deps.lib(lctype.obj)' or at 'D:\job\game-engine\editor\Debug\lua.pdb'; linking object as if no debug info
gameplay-deps.lib(lopcodes.obj) : warning LNK4099: PDB 'lua.pdb' was not found with 'gameplay-deps.lib(lopcodes.obj)' or at 'D:\job\game-engine\editor\Debug\lua.pdb'; linking object as if no debug info
gameplay-deps.lib(base.c.obj) : warning LNK4099: PDB 'OpenAL32.pdb' was not found with 'gameplay-deps.lib(base.c.obj)' or at 'D:\job\game-engine\editor\Debug\OpenAL32.pdb'; linking object as if no debug info
gameplay-deps.lib(soft.obj) : warning LNK4099: PDB 'OpenAL32.pdb' was not found with 'gameplay-deps.lib(soft.obj)' or at 'D:\job\game-engine\editor\Debug\OpenAL32.pdb'; linking object as if no debug info
gameplay-deps.lib(fluidsynth.obj) : warning LNK4099: PDB 'OpenAL32.pdb' was not found with 'gameplay-deps.lib(fluidsynth.obj)' or at 'D:\job\game-engine\editor\Debug\OpenAL32.pdb'; linking object as if no debug info
gameplay-deps.lib(dummy.obj) : warning LNK4099: PDB 'OpenAL32.pdb' was not found with 'gameplay-deps.lib(dummy.obj)' or at 'D:\job\game-engine\editor\Debug\OpenAL32.pdb'; linking object as if no debug info
gameplay-deps.lib(sf2load.obj) : warning LNK4099: PDB 'OpenAL32.pdb' was not found with 'gameplay-deps.lib(sf2load.obj)' or at 'D:\job\game-engine\editor\Debug\OpenAL32.pdb'; linking object as if no debug info
gameplay-deps.lib(autowah.obj) : warning LNK4099: PDB 'OpenAL32.pdb' was not found with 'gameplay-deps.lib(autowah.obj)' or at 'D:\job\game-engine\editor\Debug\OpenAL32.pdb'; linking object as if no debug info
gameplay-deps.lib(chorus.obj) : warning LNK4099: PDB 'OpenAL32.pdb' was not found with 'gameplay-deps.lib(chorus.obj)' or at 'D:\job\game-engine\editor\Debug\OpenAL32.pdb'; linking object as if no debug info
gameplay-deps.lib(compressor.obj) : warning LNK4099: PDB 'OpenAL32.pdb' was not found with 'gameplay-deps.lib(compressor.obj)' or at 'D:\job\game-engine\editor\Debug\OpenAL32.pdb'; linking object as if no debug info
gameplay-deps.lib(distortion.obj) : warning LNK4099: PDB 'OpenAL32.pdb' was not found with 'gameplay-deps.lib(distortion.obj)' or at 'D:\job\game-engine\editor\Debug\OpenAL32.pdb'; linking object as if no debug info
gameplay-deps.lib(echo.obj) : warning LNK4099: PDB 'OpenAL32.pdb' was not found with 'gameplay-deps.lib(echo.obj)' or at 'D:\job\game-engine\editor\Debug\OpenAL32.pdb'; linking object as if no debug info
gameplay-deps.lib(equalizer.obj) : warning LNK4099: PDB 'OpenAL32.pdb' was not found with 'gameplay-deps.lib(equalizer.obj)' or at 'D:\job\game-engine\editor\Debug\OpenAL32.pdb'; linking object as if no debug info
gameplay-deps.lib(flanger.obj) : warning LNK4099: PDB 'OpenAL32.pdb' was not found with 'gameplay-deps.lib(flanger.obj)' or at 'D:\job\game-engine\editor\Debug\OpenAL32.pdb'; linking object as if no debug info
gameplay-deps.lib(modulator.obj) : warning LNK4099: PDB 'OpenAL32.pdb' was not found with 'gameplay-deps.lib(modulator.obj)' or at 'D:\job\game-engine\editor\Debug\OpenAL32.pdb'; linking object as if no debug info
gameplay-deps.lib(null.c.obj) : warning LNK4099: PDB 'OpenAL32.pdb' was not found with 'gameplay-deps.lib(null.c.obj)' or at 'D:\job\game-engine\editor\Debug\OpenAL32.pdb'; linking object as if no debug info
gameplay-deps.lib(dedicated.obj) : warning LNK4099: PDB 'OpenAL32.pdb' was not found with 'gameplay-deps.lib(dedicated.obj)' or at 'D:\job\game-engine\editor\Debug\OpenAL32.pdb'; linking object as if no debug info
gameplay-deps.lib(mixer_c.obj) : warning LNK4099: PDB 'OpenAL32.pdb' was not found with 'gameplay-deps.lib(mixer_c.obj)' or at 'D:\job\game-engine\editor\Debug\OpenAL32.pdb'; linking object as if no debug info
gameplay-deps.lib(alcRing.obj) : warning LNK4099: PDB 'OpenAL32.pdb' was not found with 'gameplay-deps.lib(alcRing.obj)' or at 'D:\job\game-engine\editor\Debug\OpenAL32.pdb'; linking object as if no debug info
gameplay-deps.lib(mixer.obj) : warning LNK4099: PDB 'OpenAL32.pdb' was not found with 'gameplay-deps.lib(mixer.obj)' or at 'D:\job\game-engine\editor\Debug\OpenAL32.pdb'; linking object as if no debug info
gameplay-deps.lib(btGjkEpa2.obj) : warning LNK4099: PDB 'BulletCollision.pdb' was not found with 'gameplay-deps.lib(btGjkEpa2.obj)' or at 'D:\job\game-engine\editor\Debug\BulletCollision.pdb'; linking object as if no debug info
gameplay-deps.lib(btVoronoiSimplexSolver.obj) : warning LNK4099: PDB 'BulletCollision.pdb' was not found with 'gameplay-deps.lib(btVoronoiSimplexSolver.obj)' or at 'D:\job\game-engine\editor\Debug\BulletCollision.pdb'; linking object as if no debug info
gameplay-deps.lib(btGjkPairDetector.obj) : warning LNK4099: PDB 'BulletCollision.pdb' was not found with 'gameplay-deps.lib(btGjkPairDetector.obj)' or at 'D:\job\game-engine\editor\Debug\BulletCollision.pdb'; linking object as if no debug info
gameplay-deps.lib(btConvexPolyhedron.obj) : warning LNK4099: PDB 'BulletCollision.pdb' was not found with 'gameplay-deps.lib(btConvexPolyhedron.obj)' or at 'D:\job\game-engine\editor\Debug\BulletCollision.pdb'; linking object as if no debug info
gameplay-deps.lib(btConvexHullComputer.obj) : warning LNK4099: PDB 'LinearMath.pdb' was not found with 'gameplay-deps.lib(btConvexHullComputer.obj)' or at 'D:\job\game-engine\editor\Debug\LinearMath.pdb'; linking object as if no debug info
gameplay-deps.lib(btGeometryUtil.obj) : warning LNK4099: PDB 'LinearMath.pdb' was not found with 'gameplay-deps.lib(btGeometryUtil.obj)' or at 'D:\job\game-engine\editor\Debug\LinearMath.pdb'; linking object as if no debug info
gameplay-deps.lib(btActivatingCollisionAlgorithm.obj) : warning LNK4099: PDB 'BulletCollision.pdb' was not found with 'gameplay-deps.lib(btActivatingCollisionAlgorithm.obj)' or at 'D:\job\game-engine\editor\Debug\BulletCollision.pdb'; linking object as if no debug info
gameplay-deps.lib(btPolyhedralContactClipping.obj) : warning LNK4099: PDB 'BulletCollision.pdb' was not found with 'gameplay-deps.lib(btPolyhedralContactClipping.obj)' or at 'D:\job\game-engine\editor\Debug\BulletCollision.pdb'; linking object as if no debug info
gameplay-deps.lib(btCollisionAlgorithm.obj) : warning LNK4099: PDB 'BulletCollision.pdb' was not found with 'gameplay-deps.lib(btCollisionAlgorithm.obj)' or at 'D:\job\game-engine\editor\Debug\BulletCollision.pdb'; linking object as if no debug info
gameplay-deps.lib(btHashedSimplePairCache.obj) : warning LNK4099: PDB 'BulletCollision.pdb' was not found with 'gameplay-deps.lib(btHashedSimplePairCache.obj)' or at 'D:\job\game-engine\editor\Debug\BulletCollision.pdb'; linking object as if no debug info
gameplay-deps.lib(btBoxBoxDetector.obj) : warning LNK4099: PDB 'BulletCollision.pdb' was not found with 'gameplay-deps.lib(btBoxBoxDetector.obj)' or at 'D:\job\game-engine\editor\Debug\BulletCollision.pdb'; linking object as if no debug info
gameplay-deps.lib(SphereTriangleDetector.obj) : warning LNK4099: PDB 'BulletCollision.pdb' was not found with 'gameplay-deps.lib(SphereTriangleDetector.obj)' or at 'D:\job\game-engine\editor\Debug\BulletCollision.pdb'; linking object as if no debug info
gameplay-deps.lib(btUnionFind.obj) : warning LNK4099: PDB 'BulletCollision.pdb' was not found with 'gameplay-deps.lib(btUnionFind.obj)' or at 'D:\job\game-engine\editor\Debug\BulletCollision.pdb'; linking object as if no debug info
gameplay-deps.lib(pngwutil.obj) : warning LNK4099: PDB 'png_static.pdb' was not found with 'gameplay-deps.lib(pngwutil.obj)' or at 'D:\job\game-engine\editor\Debug\png_static.pdb'; linking object as if no debug info
gameplay-deps.lib(pngwio.obj) : warning LNK4099: PDB 'png_static.pdb' was not found with 'gameplay-deps.lib(pngwio.obj)' or at 'D:\job\game-engine\editor\Debug\png_static.pdb'; linking object as if no debug info
gameplay-deps.lib(deflate.obj) : warning LNK4099: PDB 'zlibstatic.pdb' was not found with 'gameplay-deps.lib(deflate.obj)' or at 'D:\job\game-engine\editor\Debug\zlibstatic.pdb'; linking object as if no debug info
gameplay-deps.lib(pngwtran.obj) : warning LNK4099: PDB 'png_static.pdb' was not found with 'gameplay-deps.lib(pngwtran.obj)' or at 'D:\job\game-engine\editor\Debug\png_static.pdb'; linking object as if no debug info
gameplay-deps.lib(zutil.obj) : warning LNK4099: PDB 'zlibstatic.pdb' was not found with 'gameplay-deps.lib(zutil.obj)' or at 'D:\job\game-engine\editor\Debug\zlibstatic.pdb'; linking object as if no debug info
gameplay-deps.lib(inftrees.obj) : warning LNK4099: PDB 'zlibstatic.pdb' was not found with 'gameplay-deps.lib(inftrees.obj)' or at 'D:\job\game-engine\editor\Debug\zlibstatic.pdb'; linking object as if no debug info
gameplay-deps.lib(inffast.obj) : warning LNK4099: PDB 'zlibstatic.pdb' was not found with 'gameplay-deps.lib(inffast.obj)' or at 'D:\job\game-engine\editor\Debug\zlibstatic.pdb'; linking object as if no debug info
gameplay-deps.lib(bitwise.obj) : warning LNK4099: PDB 'ogg.pdb' was not found with 'gameplay-deps.lib(bitwise.obj)' or at 'D:\job\game-engine\editor\Debug\ogg.pdb'; linking object as if no debug info
gameplay-deps.lib(sharedbook.obj) : warning LNK4099: PDB 'vorbis.pdb' was not found with 'gameplay-deps.lib(sharedbook.obj)' or at 'D:\job\game-engine\editor\Debug\vorbis.pdb'; linking object as if no debug info
gameplay-deps.lib(codebook.obj) : warning LNK4099: PDB 'vorbis.pdb' was not found with 'gameplay-deps.lib(codebook.obj)' or at 'D:\job\game-engine\editor\Debug\vorbis.pdb'; linking object as if no debug info
gameplay-deps.lib(psy.obj) : warning LNK4099: PDB 'vorbis.pdb' was not found with 'gameplay-deps.lib(psy.obj)' or at 'D:\job\game-engine\editor\Debug\vorbis.pdb'; linking object as if no debug info
gameplay-deps.lib(registry.obj) : warning LNK4099: PDB 'vorbis.pdb' was not found with 'gameplay-deps.lib(registry.obj)' or at 'D:\job\game-engine\editor\Debug\vorbis.pdb'; linking object as if no debug info
gameplay-deps.lib(mdct.obj) : warning LNK4099: PDB 'vorbis.pdb' was not found with 'gameplay-deps.lib(mdct.obj)' or at 'D:\job\game-engine\editor\Debug\vorbis.pdb'; linking object as if no debug info
gameplay-deps.lib(envelope.obj) : warning LNK4099: PDB 'vorbis.pdb' was not found with 'gameplay-deps.lib(envelope.obj)' or at 'D:\job\game-engine\editor\Debug\vorbis.pdb'; linking object as if no debug info
gameplay-deps.lib(smallft.obj) : warning LNK4099: PDB 'vorbis.pdb' was not found with 'gameplay-deps.lib(smallft.obj)' or at 'D:\job\game-engine\editor\Debug\vorbis.pdb'; linking object as if no debug info
gameplay-deps.lib(bitrate.obj) : warning LNK4099: PDB 'vorbis.pdb' was not found with 'gameplay-deps.lib(bitrate.obj)' or at 'D:\job\game-engine\editor\Debug\vorbis.pdb'; linking object as if no debug info
gameplay-deps.lib(window.obj) : warning LNK4099: PDB 'vorbis.pdb' was not found with 'gameplay-deps.lib(window.obj)' or at 'D:\job\game-engine\editor\Debug\vorbis.pdb'; linking object as if no debug info
gameplay-deps.lib(lpc.obj) : warning LNK4099: PDB 'vorbis.pdb' was not found with 'gameplay-deps.lib(lpc.obj)' or at 'D:\job\game-engine\editor\Debug\vorbis.pdb'; linking object as if no debug info
gameplay-deps.lib(lcode.obj) : warning LNK4099: PDB 'lua.pdb' was not found with 'gameplay-deps.lib(lcode.obj)' or at 'D:\job\game-engine\editor\Debug\lua.pdb'; linking object as if no debug info
gameplay-deps.lib(mixer_sse.obj) : warning LNK4099: PDB 'OpenAL32.pdb' was not found with 'gameplay-deps.lib(mixer_sse.obj)' or at 'D:\job\game-engine\editor\Debug\OpenAL32.pdb'; linking object as if no debug info
gameplay-deps.lib(mixer_sse2.obj) : warning LNK4099: PDB 'OpenAL32.pdb' was not found with 'gameplay-deps.lib(mixer_sse2.obj)' or at 'D:\job\game-engine\editor\Debug\OpenAL32.pdb'; linking object as if no debug info
gameplay-deps.lib(mixer_sse41.obj) : warning LNK4099: PDB 'OpenAL32.pdb' was not found with 'gameplay-deps.lib(mixer_sse41.obj)' or at 'D:\job\game-engine\editor\Debug\OpenAL32.pdb'; linking object as if no debug info
gameplay-deps.lib(trees.obj) : warning LNK4099: PDB 'zlibstatic.pdb' was not found with 'gameplay-deps.lib(trees.obj)' or at 'D:\job\game-engine\editor\Debug\zlibstatic.pdb'; linking object as if no debug info
gameplay-deps.lib(floor0.obj) : warning LNK4099: PDB 'vorbis.pdb' was not found with 'gameplay-deps.lib(floor0.obj)' or at 'D:\job\game-engine\editor\Debug\vorbis.pdb'; linking object as if no debug info
gameplay-deps.lib(floor1.obj) : warning LNK4099: PDB 'vorbis.pdb' was not found with 'gameplay-deps.lib(floor1.obj)' or at 'D:\job\game-engine\editor\Debug\vorbis.pdb'; linking object as if no debug info
gameplay-deps.lib(res0.obj) : warning LNK4099: PDB 'vorbis.pdb' was not found with 'gameplay-deps.lib(res0.obj)' or at 'D:\job\game-engine\editor\Debug\vorbis.pdb'; linking object as if no debug info
gameplay-deps.lib(mapping0.obj) : warning LNK4099: PDB 'vorbis.pdb' was not found with 'gameplay-deps.lib(mapping0.obj)' or at 'D:\job\game-engine\editor\Debug\vorbis.pdb'; linking object as if no debug info
gameplay-deps.lib(lsp.obj) : warning LNK4099: PDB 'vorbis.pdb' was not found with 'gameplay-deps.lib(lsp.obj)' or at 'D:\job\game-engine\editor\Debug\vorbis.pdb'; linking object as if no debug info
     Creating library Debug\editor.lib and object Debug\editor.exp
  editor.vcxproj -> D:\job\game-engine\editor\Debug\editor.exe
